2023-10-16 09:40:06,130 [INFO] LogOutputStream:77 - [STDOUT_REDIRECT] 
2023-10-16 09:40:06,670 [INFO] ProjectBuilder:4505 - Time for Generating toolchain IDE Files: 1381mS.
2023-10-16 09:40:06,671 [INFO] ProjectBuilder:2867 - Time for Copy CMSIS : 1mS.
2023-10-16 09:40:06,673 [INFO] ProjectBuilder:2867 - Time for Copy CMSIS : 0mS.
2023-10-16 10:30:14,659 [INFO] UtilMem:75 - End SaveConfig() Used Memory: 711802424 Bytes (950009856)
2023-10-16 10:30:15,327 [INFO] UtilMem:75 - End SaveConfig() Used Memory: 749028920 Bytes (950009856)
2023-10-16 10:30:15,814 [INFO] UtilMem:75 - End SaveConfig() Used Memory: 798311992 Bytes (950009856)
2023-10-16 10:30:15,988 [INFO] BlockDiagram:2759 - set Specific Code input for plugin: TIM1_8
2023-10-16 10:30:15,988 [INFO] BlockDiagram:2759 - set Specific Code input for plugin: TIM1_8
2023-10-16 10:30:15,988 [INFO] BlockDiagram:2759 - set Specific Code input for plugin: TIM1_8
2023-10-16 10:30:15,988 [INFO] BlockDiagram:2759 - set Specific Code input for plugin: SYS
2023-10-16 10:30:15,988 [INFO] BlockDiagram:2759 - set Specific Code input for plugin: RCC
2023-10-16 10:30:15,988 [INFO] BlockDiagram:2759 - set Specific Code input for plugin: I2C
2023-10-16 10:30:15,988 [INFO] BlockDiagram:2759 - set Specific Code input for plugin: RTC
2023-10-16 10:30:15,988 [INFO] BlockDiagram:2759 - set Specific Code input for plugin: USB_OTG_FS
2023-10-16 10:30:15,988 [INFO] BlockDiagram:2759 - set Specific Code input for plugin: NVIC
2023-10-16 10:30:15,988 [INFO] BlockDiagram:2759 - set Specific Code input for plugin: USART
2023-10-16 10:30:15,988 [INFO] BlockDiagram:2759 - set Specific Code input for plugin: USART
2023-10-16 10:30:15,989 [INFO] BlockDiagram:2759 - set Specific Code input for plugin: TIM1_8
2023-10-16 10:30:15,989 [INFO] BlockDiagram:2759 - set Specific Code input for plugin: TIM1_8
2023-10-16 10:30:15,989 [INFO] BlockDiagram:2759 - set Specific Code input for plugin: GPIO
2023-10-16 10:30:15,989 [INFO] BlockDiagram:2759 - set Specific Code input for plugin: ETH
2023-10-16 10:30:15,990 [INFO] CodeGenerator:793 - code generatio: config db path: C:\ST\STM32CubeIDE_1.12.0\STM32CubeIDE\plugins\com.st.stm32cube.common.mx_6.8.0.202302231600\\db\
2023-10-16 10:30:16,123 [INFO] CodeEngine:255 - oldGeneratedFile, C:\ken\source\STM32F429ZI\08.RTC\MXTmpFiles\license.tmp_save
2023-10-16 10:30:16,224 [INFO] CodeEngine:279 - Generated code: C:\ken\source\STM32F429ZI\08.RTC\MXTmpFiles\license.tmp
2023-10-16 10:30:16,264 [INFO] CodeEngine:255 - oldGeneratedFile, C:\ken\source\STM32F429ZI\08.RTC\MXTmpFiles\gpio.tmp_save
2023-10-16 10:30:16,335 [INFO] CodeEngine:279 - Generated code: C:\ken\source\STM32F429ZI\08.RTC\MXTmpFiles\gpio.tmp
2023-10-16 10:30:16,646 [WARN] IPConfigManager:2937 - Warning: the RefConfig PWREx_EnableUSBVoltageDetector is not available in your config.xml file
2023-10-16 10:30:16,670 [INFO] CodeEngine:255 - oldGeneratedFile, C:\ken\source\STM32F429ZI\08.RTC\Core\Src\stm32f4xx_it.c_save
2023-10-16 10:30:16,800 [INFO] CodeEngine:279 - Generated code: C:\ken\source\STM32F429ZI\08.RTC\Core\Src\stm32f4xx_it.c
2023-10-16 10:30:16,803 [INFO] CodeEngine:255 - oldGeneratedFile, C:\ken\source\STM32F429ZI\08.RTC\Core\Inc\stm32f4xx_it.h_save
2023-10-16 10:30:16,848 [INFO] CodeEngine:279 - Generated code: C:\ken\source\STM32F429ZI\08.RTC\Core\Inc\stm32f4xx_it.h
2023-10-16 10:30:16,854 [INFO] CodeEngine:255 - oldGeneratedFile, C:\ken\source\STM32F429ZI\08.RTC\Core\Src\stm32f4xx_hal_msp.c_save
2023-10-16 10:30:16,928 [INFO] CodeEngine:279 - Generated code: C:\ken\source\STM32F429ZI\08.RTC\Core\Src\stm32f4xx_hal_msp.c
2023-10-16 10:30:16,932 [INFO] CodeEngine:255 - oldGeneratedFile, C:\ken\source\STM32F429ZI\08.RTC\MXTmpFiles\system.tmp_save
2023-10-16 10:30:16,966 [INFO] CodeEngine:279 - Generated code: C:\ken\source\STM32F429ZI\08.RTC\MXTmpFiles\system.tmp
2023-10-16 10:30:16,970 [INFO] CodeEngine:311 - oldGeneratedFile, C:\ken\source\STM32F429ZI\08.RTC\Core\Inc\stm32f4xx_hal_conf.h_save
2023-10-16 10:30:17,012 [INFO] CodeEngine:335 - Generated code: C:\ken\source\STM32F429ZI\08.RTC\Core\Inc\stm32f4xx_hal_conf.h
2023-10-16 10:30:17,022 [WARN] IPConfigManager:3431 - IP not found : TIM
2023-10-16 10:30:17,023 [WARN] IPConfigManager:3431 - IP not found : USB_OTG
2023-10-16 10:30:17,023 [WARN] CodeGenerator:3754 - IP not found : null
2023-10-16 10:30:17,023 [WARN] CodeGenerator:3754 - IP not found : null
2023-10-16 10:30:17,027 [INFO] CodeEngine:255 - oldGeneratedFile, C:\ken\source\STM32F429ZI\08.RTC\Core\Inc\main.h_save
2023-10-16 10:30:17,074 [INFO] CodeEngine:279 - Generated code: C:\ken\source\STM32F429ZI\08.RTC\Core\Inc\main.h
2023-10-16 10:30:17,077 [INFO] CodeEngine:255 - oldGeneratedFile, C:\ken\source\STM32F429ZI\08.RTC\Core\Src\main.c_save
2023-10-16 10:30:17,169 [INFO] CodeEngine:279 - Generated code: C:\ken\source\STM32F429ZI\08.RTC\Core\Src\main.c
2023-10-16 10:30:17,557 [INFO] ProjectBuilder:2996 - Time for Copy HAL[1] : 105mS.
2023-10-16 10:30:17,559 [INFO] ProjectBuilder:4304 - Project Generator version: 3.19.2
2023-10-16 10:30:17,722 [INFO] ConfigFileManager:1483 - The Die is : DIE419
2023-10-16 10:30:18,440 [INFO] ProjectBuilder:4505 - Time for Generating toolchain IDE Files: 881mS.
2023-10-16 10:30:18,441 [INFO] ProjectBuilder:2867 - Time for Copy CMSIS : 1mS.
2023-10-16 10:30:18,443 [INFO] ProjectBuilder:2867 - Time for Copy CMSIS : 0mS.
2023-10-16 10:30:51,406 [INFO] UtilMem:75 - End SaveConfig() Used Memory: 673538248 Bytes (1007681536)
2023-10-16 10:30:52,426 [INFO] UtilMem:75 - End SaveConfig() Used Memory: 699226312 Bytes (1007681536)
2023-10-16 10:30:53,155 [INFO] UtilMem:75 - End SaveConfig() Used Memory: 750606536 Bytes (1007681536)
2023-10-16 10:30:53,315 [INFO] BlockDiagram:2759 - set Specific Code input for plugin: TIM1_8
2023-10-16 10:30:53,315 [INFO] BlockDiagram:2759 - set Specific Code input for plugin: TIM1_8
2023-10-16 10:30:53,315 [INFO] BlockDiagram:2759 - set Specific Code input for plugin: TIM1_8
2023-10-16 10:30:53,315 [INFO] BlockDiagram:2759 - set Specific Code input for plugin: SYS
2023-10-16 10:30:53,315 [INFO] BlockDiagram:2759 - set Specific Code input for plugin: RCC
2023-10-16 10:30:53,315 [INFO] BlockDiagram:2759 - set Specific Code input for plugin: I2C
2023-10-16 10:30:53,315 [INFO] BlockDiagram:2759 - set Specific Code input for plugin: RTC
2023-10-16 10:30:53,315 [INFO] BlockDiagram:2759 - set Specific Code input for plugin: USB_OTG_FS
2023-10-16 10:30:53,315 [INFO] BlockDiagram:2759 - set Specific Code input for plugin: NVIC
2023-10-16 10:30:53,315 [INFO] BlockDiagram:2759 - set Specific Code input for plugin: USART
2023-10-16 10:30:53,315 [INFO] BlockDiagram:2759 - set Specific Code input for plugin: USART
2023-10-16 10:30:53,315 [INFO] BlockDiagram:2759 - set Specific Code input for plugin: TIM1_8
2023-10-16 10:30:53,315 [INFO] BlockDiagram:2759 - set Specific Code input for plugin: TIM1_8
2023-10-16 10:30:53,316 [INFO] BlockDiagram:2759 - set Specific Code input for plugin: GPIO
2023-10-16 10:30:53,316 [INFO] BlockDiagram:2759 - set Specific Code input for plugin: ETH
2023-10-16 10:30:53,316 [INFO] CodeGenerator:793 - code generatio: config db path: C:\ST\STM32CubeIDE_1.12.0\STM32CubeIDE\plugins\com.st.stm32cube.common.mx_6.8.0.202302231600\\db\
2023-10-16 10:30:53,451 [INFO] CodeEngine:255 - oldGeneratedFile, C:\ken\source\STM32F429ZI\08.RTC\MXTmpFiles\license.tmp_save
2023-10-16 10:30:53,486 [INFO] CodeEngine:279 - Generated code: C:\ken\source\STM32F429ZI\08.RTC\MXTmpFiles\license.tmp
2023-10-16 10:30:53,526 [INFO] CodeEngine:255 - oldGeneratedFile, C:\ken\source\STM32F429ZI\08.RTC\MXTmpFiles\gpio.tmp_save
2023-10-16 10:30:53,564 [INFO] CodeEngine:279 - Generated code: C:\ken\source\STM32F429ZI\08.RTC\MXTmpFiles\gpio.tmp
2023-10-16 10:30:53,816 [WARN] IPConfigManager:2937 - Warning: the RefConfig PWREx_EnableUSBVoltageDetector is not available in your config.xml file
2023-10-16 10:30:53,836 [INFO] CodeEngine:255 - oldGeneratedFile, C:\ken\source\STM32F429ZI\08.RTC\Core\Src\stm32f4xx_it.c_save
2023-10-16 10:30:53,891 [INFO] CodeEngine:279 - Generated code: C:\ken\source\STM32F429ZI\08.RTC\Core\Src\stm32f4xx_it.c
2023-10-16 10:30:53,894 [INFO] CodeEngine:255 - oldGeneratedFile, C:\ken\source\STM32F429ZI\08.RTC\Core\Inc\stm32f4xx_it.h_save
2023-10-16 10:30:53,932 [INFO] CodeEngine:279 - Generated code: C:\ken\source\STM32F429ZI\08.RTC\Core\Inc\stm32f4xx_it.h
2023-10-16 10:30:53,938 [INFO] CodeEngine:255 - oldGeneratedFile, C:\ken\source\STM32F429ZI\08.RTC\Core\Src\stm32f4xx_hal_msp.c_save
2023-10-16 10:30:54,010 [INFO] CodeEngine:279 - Generated code: C:\ken\source\STM32F429ZI\08.RTC\Core\Src\stm32f4xx_hal_msp.c
2023-10-16 10:30:54,013 [INFO] CodeEngine:255 - oldGeneratedFile, C:\ken\source\STM32F429ZI\08.RTC\MXTmpFiles\system.tmp_save
2023-10-16 10:30:54,066 [INFO] CodeEngine:279 - Generated code: C:\ken\source\STM32F429ZI\08.RTC\MXTmpFiles\system.tmp
2023-10-16 10:30:54,070 [INFO] CodeEngine:311 - oldGeneratedFile, C:\ken\source\STM32F429ZI\08.RTC\Core\Inc\stm32f4xx_hal_conf.h_save
2023-10-16 10:30:54,111 [INFO] CodeEngine:335 - Generated code: C:\ken\source\STM32F429ZI\08.RTC\Core\Inc\stm32f4xx_hal_conf.h
2023-10-16 10:30:54,119 [WARN] IPConfigManager:3431 - IP not found : TIM
2023-10-16 10:30:54,119 [WARN] IPConfigManager:3431 - IP not found : USB_OTG
2023-10-16 10:30:54,120 [WARN] CodeGenerator:3754 - IP not found : null
2023-10-16 10:30:54,120 [WARN] CodeGenerator:3754 - IP not found : null
2023-10-16 10:30:54,123 [INFO] CodeEngine:255 - oldGeneratedFile, C:\ken\source\STM32F429ZI\08.RTC\Core\Inc\main.h_save
2023-10-16 10:30:54,161 [INFO] CodeEngine:279 - Generated code: C:\ken\source\STM32F429ZI\08.RTC\Core\Inc\main.h
2023-10-16 10:30:54,164 [INFO] CodeEngine:255 - oldGeneratedFile, C:\ken\source\STM32F429ZI\08.RTC\Core\Src\main.c_save
2023-10-16 10:30:54,251 [INFO] CodeEngine:279 - Generated code: C:\ken\source\STM32F429ZI\08.RTC\Core\Src\main.c
2023-10-16 10:30:54,645 [INFO] ProjectBuilder:2996 - Time for Copy HAL[1] : 93mS.
2023-10-16 10:30:54,647 [INFO] ProjectBuilder:4304 - Project Generator version: 3.19.2
2023-10-16 10:30:54,805 [INFO] ConfigFileManager:1483 - The Die is : DIE419
2023-10-16 10:30:55,512 [INFO] ProjectBuilder:4505 - Time for Generating toolchain IDE Files: 865mS.
2023-10-16 10:30:55,512 [INFO] ProjectBuilder:2867 - Time for Copy CMSIS : 0mS.
2023-10-16 10:30:55,515 [INFO] ProjectBuilder:2867 - Time for Copy CMSIS : 0mS.
2023-10-16 15:03:45,431 [INFO] Activator:176 - 


2023-10-16 15:03:45,432 [INFO] Activator:177 - !SESSION log4j initialized
2023-10-16 15:03:48,576 [INFO] LogOutputStream:77 - [STDOUT_REDIRECT] 
2023-10-16 15:04:09,511 [ERROR] LogOutputStream:75 - [STDERR_REDIRECT] SLF4J: Failed to load class "org.slf4j.impl.StaticLoggerBinder".
2023-10-16 15:04:09,511 [ERROR] LogOutputStream:75 - [STDERR_REDIRECT] SLF4J: Defaulting to no-operation (NOP) logger implementation
2023-10-16 15:04:09,512 [ERROR] LogOutputStream:75 - [STDERR_REDIRECT] SLF4J: See http://www.slf4j.org/codes.html#StaticLoggerBinder for further details.
