2023-10-08 15:23:25,232 [INFO] ApplicationProperties:184 - Using Application install path: C:\ST\STM32CubeIDE_1.12.0\STM32CubeIDE\plugins\com.st.stm32cube.common.mx_6.8.0.202302231600
2023-10-08 15:23:25,254 [INFO] DbMcusXml:78 - Set database path to: C:\ST\STM32CubeIDE_1.12.0\STM32CubeIDE\plugins\com.st.stm32cube.common.mx_6.8.0.202302231600\\db\/mcu/
2023-10-08 15:23:25,255 [INFO] ApiDb:274 - Set plugin database path to: C:\ST\STM32CubeIDE_1.12.0\STM32CubeIDE\plugins\com.st.stm32cube.common.mx_6.8.0.202302231600\\db\/plugins/boardmanager/
2023-10-08 15:23:25,256 [WARN] ApiDb:259 - Overriding images path with different value:  => C:\ST\STM32CubeIDE_1.12.0\STM32CubeIDE\plugins\com.st.stm32cube.common.mx_6.8.0.202302231600\\db\/plugins/mcufinder/images/
2023-10-08 15:23:25,269 [INFO] ApiDb:250 - Set database path to: C:\Users\USER\.stmcufinder\plugins\mcufinder//mcu/
2023-10-08 15:23:25,271 [INFO] DbMcusAds:125 - Set database path to: C:\Users\USER\.stmcufinder\plugins\mcufinder//mcu/
2023-10-08 15:23:25,359 [INFO] CrossReferenceDbSqlite:203 - Set database path to: C:\Users\USER\.stmcufinder\plugins\mcufinder//mcu/cs/
2023-10-08 15:23:25,444 [INFO] RulesReader:64 - Compatibility file has been processed (293 Rules)
2023-10-08 15:23:25,496 [INFO] DbMcusXml:78 - Set database path to: C:\ST\STM32CubeIDE_1.12.0\STM32CubeIDE\plugins\com.st.stm32cube.common.mx_6.8.0.202302231600\\db\/mcu/
2023-10-08 15:23:25,496 [INFO] ApiDb:274 - Set plugin database path to: C:\ST\STM32CubeIDE_1.12.0\STM32CubeIDE\plugins\com.st.stm32cube.common.mx_6.8.0.202302231600\\db\/plugins/boardmanager/
2023-10-08 15:23:25,497 [INFO] ApiDb:261 - Set plugin images path to: C:\ST\STM32CubeIDE_1.12.0\STM32CubeIDE\plugins\com.st.stm32cube.common.mx_6.8.0.202302231600\\db\/plugins/mcufinder/images/
2023-10-08 15:23:25,497 [WARN] DbFile:41 - Overriding database path with different value: C:\Users\USER\.stmcufinder\plugins\mcufinder/ => C:\Users\USER\.stmcufinder\plugins\mcufinder
2023-10-08 15:23:25,497 [INFO] ApiDb:250 - Set database path to: C:\Users\USER\.stmcufinder\plugins\mcufinder//mcu/
2023-10-08 15:23:25,497 [WARN] DbFile:41 - Overriding database path with different value: C:\Users\USER\.stmcufinder\plugins\mcufinder/ => C:\Users\USER\.stmcufinder\plugins\mcufinder
2023-10-08 15:23:25,497 [INFO] DbMcusAds:125 - Set database path to: C:\Users\USER\.stmcufinder\plugins\mcufinder//mcu/
2023-10-08 15:23:25,497 [WARN] DbFile:41 - Overriding database path with different value: C:\Users\USER\.stmcufinder\plugins\mcufinder/ => C:\Users\USER\.stmcufinder\plugins\mcufinder
2023-10-08 15:23:25,497 [WARN] DbFile:41 - Overriding database path with different value: C:\Users\USER\.stmcufinder\plugins\mcufinder/ => C:\Users\USER\.stmcufinder\plugins\mcufinder
2023-10-08 15:23:25,497 [INFO] CrossReferenceDbSqlite:203 - Set database path to: C:\Users\USER\.stmcufinder\plugins\mcufinder//mcu/cs/
2023-10-08 15:23:25,555 [INFO] MainPanel:253 - HeapMemory: 664797184
2023-10-08 15:23:25,621 [INFO] DbMcusXml:78 - Set database path to: C:\ST\STM32CubeIDE_1.12.0\STM32CubeIDE\plugins\com.st.stm32cube.common.mx_6.8.0.202302231600\\db\/mcu/
2023-10-08 15:23:25,621 [INFO] ApiDb:274 - Set plugin database path to: C:\ST\STM32CubeIDE_1.12.0\STM32CubeIDE\plugins\com.st.stm32cube.common.mx_6.8.0.202302231600\\db\/plugins/boardmanager/
2023-10-08 15:23:25,621 [INFO] ApiDb:261 - Set plugin images path to: C:\ST\STM32CubeIDE_1.12.0\STM32CubeIDE\plugins\com.st.stm32cube.common.mx_6.8.0.202302231600\\db\/plugins/mcufinder/images/
2023-10-08 15:23:25,621 [WARN] DbFile:41 - Overriding database path with different value: C:\Users\USER\.stmcufinder\plugins\mcufinder/ => C:\Users\USER\.stmcufinder\plugins\mcufinder
2023-10-08 15:23:25,622 [INFO] ApiDb:250 - Set database path to: C:\Users\USER\.stmcufinder\plugins\mcufinder//mcu/
2023-10-08 15:23:25,622 [WARN] DbFile:41 - Overriding database path with different value: C:\Users\USER\.stmcufinder\plugins\mcufinder/ => C:\Users\USER\.stmcufinder\plugins\mcufinder
2023-10-08 15:23:25,622 [INFO] DbMcusAds:125 - Set database path to: C:\Users\USER\.stmcufinder\plugins\mcufinder//mcu/
2023-10-08 15:23:25,622 [WARN] DbFile:41 - Overriding database path with different value: C:\Users\USER\.stmcufinder\plugins\mcufinder/ => C:\Users\USER\.stmcufinder\plugins\mcufinder
2023-10-08 15:23:25,622 [WARN] DbFile:41 - Overriding database path with different value: C:\Users\USER\.stmcufinder\plugins\mcufinder/ => C:\Users\USER\.stmcufinder\plugins\mcufinder
2023-10-08 15:23:25,622 [INFO] CrossReferenceDbSqlite:203 - Set database path to: C:\Users\USER\.stmcufinder\plugins\mcufinder//mcu/cs/
2023-10-08 15:23:25,635 [INFO] ApplicationProperties:184 - Using Application install path: C:\ST\STM32CubeIDE_1.12.0\STM32CubeIDE\plugins\com.st.stm32cube.common.mx_6.8.0.202302231600
2023-10-08 15:23:25,636 [INFO] PluginManage:196 - Search for loadable plugins [exclusion list=, ]
2023-10-08 15:23:25,637 [INFO] PluginManage:310 - Check plugin analytics
2023-10-08 15:23:25,747 [INFO] AnalyticsPlugin:253 - Accepted Software Licenses: 
2023-10-08 15:23:25,747 [INFO] AnalyticsPlugin:255 - Accepted CMSIS Pack Licenses: 
2023-10-08 15:23:25,747 [INFO] AnalyticsPlugin:257 - Accepted Firmware Licenses: FW.F4.1.27.0
2023-10-08 15:23:25,758 [INFO] PluginManage:359 - Loaded plugin analytics (category:tool,tabindex:-1)
2023-10-08 15:23:25,758 [INFO] PluginManage:310 - Check plugin cadmodel
2023-10-08 15:23:25,768 [INFO] CADModel:105 - Init CAD model plugin
2023-10-08 15:23:25,768 [INFO] PluginManage:359 - Loaded plugin cadmodel (category:power,tabindex:5)
2023-10-08 15:23:25,768 [INFO] PluginManage:310 - Check plugin clock
2023-10-08 15:23:25,783 [INFO] PluginManage:359 - Loaded plugin clock (category:base,tabindex:2)
2023-10-08 15:23:25,783 [INFO] PluginManage:310 - Check plugin ddr
2023-10-08 15:23:25,785 [INFO] PluginManage:359 - Loaded plugin ddr (category:tool,tabindex:6)
2023-10-08 15:23:25,786 [INFO] PluginManage:310 - Check plugin filemanager
2023-10-08 15:23:25,885 [INFO] PluginManage:359 - Loaded plugin filemanager (category:base,tabindex:10)
2023-10-08 15:23:25,885 [INFO] PluginManage:310 - Check plugin ipmanager
2023-10-08 15:23:25,890 [INFO] PluginManage:359 - Loaded plugin ipmanager (category:base,tabindex:5)
2023-10-08 15:23:25,890 [INFO] PluginManage:310 - Check plugin lpbam
2023-10-08 15:23:25,903 [INFO] PluginManage:359 - Loaded plugin lpbam (category:base,tabindex:0)
2023-10-08 15:23:25,904 [INFO] PluginManage:310 - Check plugin pinoutandconfiguration
2023-10-08 15:23:25,915 [INFO] PluginManage:359 - Loaded plugin pinoutandconfiguration (category:base,tabindex:1)
2023-10-08 15:23:25,915 [INFO] PluginManage:310 - Check plugin pinoutconfig
2023-10-08 15:23:25,978 [WARN] SupportedApi:132 - Cannot load RTOS API schema: s4s-elt-must-match.1: The content of 'definitions' must match (annotation?, (simpleType | complexType)?, (unique | key | keyref)*)). A problem was found starting at: attribute.
2023-10-08 15:23:26,068 [INFO] PluginManage:359 - Loaded plugin pinoutconfig (category:base,tabindex:0)
2023-10-08 15:23:26,068 [INFO] PluginManage:310 - Check plugin power
2023-10-08 15:23:26,081 [INFO] PluginManage:359 - Loaded plugin power (category:power,tabindex:4)
2023-10-08 15:23:26,081 [INFO] PluginManage:310 - Check plugin projectmanager
2023-10-08 15:23:26,093 [INFO] PluginManage:359 - Loaded plugin projectmanager (category:projectmanager,tabindex:3)
2023-10-08 15:23:26,093 [INFO] PluginManage:310 - Check plugin thirdparty
2023-10-08 15:23:26,257 [INFO] PluginManage:359 - Loaded plugin thirdparty (category:base,tabindex:-1)
2023-10-08 15:23:26,258 [INFO] PluginManage:310 - Check plugin tools
2023-10-08 15:23:26,257 [WARN] IntegrityCheckThread:84 - waiting for thirdparty lock release [integrity check]
2023-10-08 15:23:26,258 [INFO] IntegrityCheckThread:86 - entering critical section [integrity check]
2023-10-08 15:23:26,259 [INFO] ThirdPartyUpdaterWithRetryManager:70 - Updater plugin not ready yet. [1/15]
2023-10-08 15:23:26,275 [INFO] PluginManage:359 - Loaded plugin tools (category:base,tabindex:7)
2023-10-08 15:23:26,275 [INFO] PluginManage:310 - Check plugin tutovideos
2023-10-08 15:23:26,432 [INFO] PluginManage:359 - Loaded plugin tutovideos (category:base,tabindex:-1)
2023-10-08 15:23:26,432 [INFO] PluginManage:310 - Check plugin updater
2023-10-08 15:23:26,443 [INFO] PluginManage:359 - Loaded plugin updater (category:base,tabindex:12)
2023-10-08 15:23:26,443 [INFO] PluginManage:283 - PluginManage : Loaded plugins [15]
2023-10-08 15:23:26,633 [INFO] PinOutPanel:1499 - setPackage(No Configuration,No Configuration)
2023-10-08 15:23:26,688 [INFO] CADModel:165 - CPN selected for project level
2023-10-08 15:23:26,689 [INFO] CADModel:114 - Register for checkConnection events
2023-10-08 15:23:26,709 [INFO] IPUIPlugin:80 - create IPUIPlugin
2023-10-08 15:23:26,709 [INFO] PluginManager:220 - loadIPPluginJar : add adc
2023-10-08 15:23:26,731 [INFO] IPUIPlugin:80 - create IPUIPlugin
2023-10-08 15:23:26,731 [INFO] PluginManager:220 - loadIPPluginJar : add aes
2023-10-08 15:23:26,757 [INFO] IPUIPlugin:80 - create IPUIPlugin
2023-10-08 15:23:26,757 [INFO] PluginManager:220 - loadIPPluginJar : add can
2023-10-08 15:23:26,771 [INFO] IPUIPlugin:80 - create IPUIPlugin
2023-10-08 15:23:26,771 [INFO] PluginManager:220 - loadIPPluginJar : add comp
2023-10-08 15:23:26,792 [INFO] IPUIPlugin:80 - create IPUIPlugin
2023-10-08 15:23:26,792 [INFO] PluginManager:220 - loadIPPluginJar : add cryp
2023-10-08 15:23:26,809 [INFO] IPUIPlugin:80 - create IPUIPlugin
2023-10-08 15:23:26,809 [INFO] PluginManager:220 - loadIPPluginJar : add dfsdm
2023-10-08 15:23:26,819 [INFO] IPUIPlugin:80 - create IPUIPlugin
2023-10-08 15:23:26,820 [INFO] PluginManager:220 - loadIPPluginJar : add dma
2023-10-08 15:23:26,843 [INFO] IPUIPlugin:80 - create IPUIPlugin
2023-10-08 15:23:26,844 [INFO] PluginManager:220 - loadIPPluginJar : add dma3
2023-10-08 15:23:26,856 [INFO] IPUIPlugin:80 - create IPUIPlugin
2023-10-08 15:23:26,856 [INFO] PluginManager:220 - loadIPPluginJar : add fatfs
2023-10-08 15:23:26,883 [INFO] IPUIPlugin:80 - create IPUIPlugin
2023-10-08 15:23:26,883 [INFO] PluginManager:220 - loadIPPluginJar : add fmc
2023-10-08 15:23:26,893 [INFO] IPUIPlugin:80 - create IPUIPlugin
2023-10-08 15:23:26,893 [INFO] PluginManager:220 - loadIPPluginJar : add freertos
2023-10-08 15:23:26,905 [INFO] IPUIPlugin:80 - create IPUIPlugin
2023-10-08 15:23:26,906 [INFO] PluginManager:220 - loadIPPluginJar : add genericplugin
2023-10-08 15:23:26,955 [INFO] IPUIPlugin:80 - create IPUIPlugin
2023-10-08 15:23:26,955 [INFO] PluginManager:220 - loadIPPluginJar : add gfxmmu
2023-10-08 15:23:27,026 [INFO] IPUIPlugin:80 - create IPUIPlugin
2023-10-08 15:23:27,026 [INFO] PluginManager:220 - loadIPPluginJar : add gic
2023-10-08 15:23:27,034 [INFO] IPUIPlugin:80 - create IPUIPlugin
2023-10-08 15:23:27,034 [INFO] PluginManager:220 - loadIPPluginJar : add gpio
2023-10-08 15:23:27,085 [INFO] IPUIPlugin:80 - create IPUIPlugin
2023-10-08 15:23:27,085 [INFO] PluginManager:220 - loadIPPluginJar : add gtzc
2023-10-08 15:23:27,103 [INFO] IPUIPlugin:80 - create IPUIPlugin
2023-10-08 15:23:27,103 [INFO] PluginManager:220 - loadIPPluginJar : add hash
2023-10-08 15:23:27,131 [INFO] IPUIPlugin:80 - create IPUIPlugin
2023-10-08 15:23:27,131 [INFO] PluginManager:220 - loadIPPluginJar : add i2c
2023-10-08 15:23:27,154 [INFO] IPUIPlugin:80 - create IPUIPlugin
2023-10-08 15:23:27,154 [INFO] PluginManager:220 - loadIPPluginJar : add i2s
2023-10-08 15:23:27,177 [INFO] IPUIPlugin:80 - create IPUIPlugin
2023-10-08 15:23:27,177 [INFO] PluginManager:220 - loadIPPluginJar : add i3c
2023-10-08 15:23:27,235 [INFO] IPUIPlugin:80 - create IPUIPlugin
2023-10-08 15:23:27,235 [INFO] PluginManager:220 - loadIPPluginJar : add ipddr
2023-10-08 15:23:27,285 [INFO] IPUIPlugin:80 - create IPUIPlugin
2023-10-08 15:23:27,285 [INFO] PluginManager:220 - loadIPPluginJar : add linkedlist
2023-10-08 15:23:27,304 [INFO] IPUIPlugin:80 - create IPUIPlugin
2023-10-08 15:23:27,304 [INFO] PluginManager:220 - loadIPPluginJar : add lorawan
2023-10-08 15:23:27,325 [INFO] IPUIPlugin:80 - create IPUIPlugin
2023-10-08 15:23:27,325 [INFO] PluginManager:220 - loadIPPluginJar : add ltdc
2023-10-08 15:23:27,336 [INFO] IPUIPlugin:80 - create IPUIPlugin
2023-10-08 15:23:27,336 [INFO] PluginManager:220 - loadIPPluginJar : add mdma
2023-10-08 15:23:27,345 [INFO] IPUIPlugin:80 - create IPUIPlugin
2023-10-08 15:23:27,345 [INFO] PluginManager:220 - loadIPPluginJar : add nvic
2023-10-08 15:23:27,365 [INFO] IPUIPlugin:80 - create IPUIPlugin
2023-10-08 15:23:27,366 [INFO] PluginManager:220 - loadIPPluginJar : add opamp
2023-10-08 15:23:27,398 [INFO] IPUIPlugin:80 - create IPUIPlugin
2023-10-08 15:23:27,400 [INFO] PluginManager:220 - loadIPPluginJar : add openamp
2023-10-08 15:23:27,423 [INFO] IPUIPlugin:80 - create IPUIPlugin
2023-10-08 15:23:27,423 [INFO] PluginManager:220 - loadIPPluginJar : add pdm2pcm
2023-10-08 15:23:27,432 [INFO] IPUIPlugin:80 - create IPUIPlugin
2023-10-08 15:23:27,434 [INFO] PluginManager:220 - loadIPPluginJar : add plateformsettings
2023-10-08 15:23:27,446 [INFO] IPUIPlugin:80 - create IPUIPlugin
2023-10-08 15:23:27,447 [INFO] PluginManager:220 - loadIPPluginJar : add quadspi
2023-10-08 15:23:27,454 [INFO] IPUIPlugin:80 - create IPUIPlugin
2023-10-08 15:23:27,454 [INFO] PluginManager:220 - loadIPPluginJar : add resmgrutility
2023-10-08 15:23:27,481 [INFO] IPUIPlugin:80 - create IPUIPlugin
2023-10-08 15:23:27,481 [INFO] PluginManager:220 - loadIPPluginJar : add sai
2023-10-08 15:23:27,503 [INFO] IPUIPlugin:80 - create IPUIPlugin
2023-10-08 15:23:27,503 [INFO] PluginManager:220 - loadIPPluginJar : add spi
2023-10-08 15:23:27,536 [INFO] IPUIPlugin:80 - create IPUIPlugin
2023-10-08 15:23:27,536 [INFO] PluginManager:220 - loadIPPluginJar : add stm32_wpan
2023-10-08 15:23:27,549 [INFO] IPUIPlugin:80 - create IPUIPlugin
2023-10-08 15:23:27,549 [INFO] PluginManager:220 - loadIPPluginJar : add tim
2023-10-08 15:23:27,579 [INFO] IPUIPlugin:80 - create IPUIPlugin
2023-10-08 15:23:27,579 [INFO] PluginManager:220 - loadIPPluginJar : add touchsensing
2023-10-08 15:23:27,593 [INFO] IPUIPlugin:80 - create IPUIPlugin
2023-10-08 15:23:27,593 [INFO] PluginManager:220 - loadIPPluginJar : add tracer_emb
2023-10-08 15:23:27,607 [INFO] IPUIPlugin:80 - create IPUIPlugin
2023-10-08 15:23:27,607 [INFO] PluginManager:220 - loadIPPluginJar : add ts
2023-10-08 15:23:27,620 [INFO] IPUIPlugin:80 - create IPUIPlugin
2023-10-08 15:23:27,620 [INFO] PluginManager:220 - loadIPPluginJar : add tsc
2023-10-08 15:23:27,632 [INFO] IPUIPlugin:80 - create IPUIPlugin
2023-10-08 15:23:27,632 [INFO] PluginManager:220 - loadIPPluginJar : add ucpd
2023-10-08 15:23:27,659 [INFO] IPUIPlugin:80 - create IPUIPlugin
2023-10-08 15:23:27,659 [INFO] PluginManager:220 - loadIPPluginJar : add usart
2023-10-08 15:23:27,683 [INFO] IPUIPlugin:80 - create IPUIPlugin
2023-10-08 15:23:27,683 [INFO] PluginManager:220 - loadIPPluginJar : add usbx
2023-10-08 15:23:27,800 [INFO] CADModel:165 - CPN selected for project level
2023-10-08 15:23:27,800 [INFO] CADModel:114 - Register for checkConnection events
2023-10-08 15:23:27,800 [FATAL] Updater:308 - Updater called before beeing initialized
2023-10-08 15:23:27,800 [ERROR] CADModel:125 - Updater not yet initialized, retry later 
2023-10-08 15:23:27,917 [INFO] CADModel:165 - CPN selected for project level
2023-10-08 15:23:27,918 [INFO] CADModel:114 - Register for checkConnection events
2023-10-08 15:23:27,918 [FATAL] Updater:308 - Updater called before beeing initialized
2023-10-08 15:23:27,918 [ERROR] CADModel:125 - Updater not yet initialized, retry later 
2023-10-08 15:23:27,920 [FATAL] Updater:308 - Updater called before beeing initialized
2023-10-08 15:23:27,999 [FATAL] Updater:308 - Updater called before beeing initialized
2023-10-08 15:23:28,008 [INFO] DbMcusAds:53 - JSON generation date=Thu Sep 30 15:55:09 KST 2021 (1632984909247)
2023-10-08 15:23:28,008 [FATAL] Updater:308 - Updater called before beeing initialized
2023-10-08 15:23:28,064 [WARN] DetailPanel:346 - Failed to get advertising image, set to default
2023-10-08 15:23:28,132 [FATAL] Updater:308 - Updater called before beeing initialized
2023-10-08 15:23:28,134 [FATAL] Updater:308 - Updater called before beeing initialized
2023-10-08 15:23:28,134 [FATAL] Updater:308 - Updater called before beeing initialized
2023-10-08 15:23:28,134 [WARN] DetailPanel:346 - Failed to get advertising image, set to default
2023-10-08 15:23:28,135 [FATAL] Updater:308 - Updater called before beeing initialized
2023-10-08 15:23:28,185 [ERROR] Updater:1120 - MainUpdater not yet initialized. External WinMGr cannot be set.
2023-10-08 15:23:28,192 [INFO] Updater:1056 - Updater Version found : 6.8.0
2023-10-08 15:23:28,206 [INFO] ApplicationProperties:184 - Using Application install path: C:\ST\STM32CubeIDE_1.12.0\STM32CubeIDE\plugins\com.st.stm32cube.common.mx_6.8.0.202302231600
2023-10-08 15:23:28,368 [INFO] MainUpdater:2854 - connection check result : 10
2023-10-08 15:23:28,369 [INFO] MainUpdater:283 - Updater Check For Update Now.
2023-10-08 15:23:28,369 [INFO] MicroXplorer:498 - Change Database Version : DB.6.0.80
2023-10-08 15:23:28,531 [INFO] CheckServerUpdateThread:120 - End of CheckServer Thread
2023-10-08 15:23:28,604 [INFO] MainUpdater:2854 - connection check result : 10
2023-10-08 15:23:28,608 [INFO] MainUpdater:2854 - connection check result : 10
2023-10-08 15:23:28,713 [INFO] MicroXplorer:468 - Change Database Path : 
2023-10-08 15:23:28,713 [INFO] MicroXplorer:498 - Change Database Version : DB.6.0.80
2023-10-08 15:23:28,714 [WARN] ThirdParty:871 - waiting for thirdparty lock release [close project]
2023-10-08 15:23:29,357 [WARN] PackLoader:240 - Cannot read IP mode file for STMicroelectronics.X-CUBE-SMBUS.2.1.0
2023-10-08 15:23:29,385 [WARN] PackLoader:240 - Cannot read IP mode file for STMicroelectronics.X-CUBE-AZRTOS-F7.1.1.0
2023-10-08 15:23:29,396 [WARN] PackLoader:240 - Cannot read IP mode file for STMicroelectronics.FP-SNS-MOTENV1.4.3.2
2023-10-08 15:23:29,404 [WARN] PackLoader:240 - Cannot read IP mode file for STMicroelectronics.FP-SNS-FLIGHT1.5.0.2
2023-10-08 15:23:29,414 [WARN] PackLoader:240 - Cannot read IP mode file for STMicroelectronics.X-CUBE-DISPLAY.3.0.0
2023-10-08 15:23:29,426 [WARN] PackLoader:240 - Cannot read IP mode file for STMicroelectronics.X-CUBE-BLE1.7.0.0
2023-10-08 15:23:29,434 [WARN] PackLoader:240 - Cannot read IP mode file for emotas.I-CUBE-CANOPEN.1.3.0
2023-10-08 15:23:29,442 [WARN] PackLoader:240 - Cannot read IP mode file for STMicroelectronics.X-CUBE-TOUCHGFX.4.22.1
2023-10-08 15:23:29,450 [WARN] PackLoader:240 - Cannot read IP mode file for STMicroelectronics.FP-SNS-SMARTAG2.1.2.0
