2023-10-16 09:36:34,370 [INFO] MainUpdater:2854 - connection check result : 10
2023-10-16 09:36:34,373 [INFO] MainUpdater:2854 - connection check result : 10
2023-10-16 09:36:34,419 [INFO] MicroXplorer:468 - Change Database Path : 
2023-10-16 09:36:34,419 [INFO] MicroXplorer:498 - Change Database Version : DB.6.0.80
2023-10-16 09:36:34,431 [WARN] ThirdParty:871 - waiting for thirdparty lock release [close project]
2023-10-16 09:36:34,431 [INFO] ThirdParty:873 - entering critical section [close project]
2023-10-16 09:36:34,431 [INFO] ThirdParty:883 - exiting critical section [close project]
2023-10-16 09:36:34,432 [INFO] PinOutPanel:1499 - setPackage(No Configuration,No Configuration)
2023-10-16 09:36:34,435 [WARN] IpParametersView:150 - Warning: This peripheral hasn't parameters
2023-10-16 09:36:34,438 [WARN] MainPanel:257 - <html><b><center>Warning: This peripheral has no parameters to be configured<br></b></html>
2023-10-16 09:36:34,446 [INFO] UtilMem:75 - Begin LoadConfig() Used Memory: 592790312 Bytes (917504000)
2023-10-16 09:36:34,447 [INFO] MicroXplorer:468 - Change Database Path : 
2023-10-16 09:36:34,447 [INFO] MicroXplorer:498 - Change Database Version : DB.6.0.80
2023-10-16 09:36:34,447 [INFO] OpenFileManager:308 - Change cursor
2023-10-16 09:36:34,453 [INFO] Mcu:1937 - Initializing MCU STM32F429ZITx STM32F429ZITx STM32F429ZIT6
2023-10-16 09:36:35,266 [INFO] Context:659 - Trying to add GPIOservice into a context  which must be forbidden
2023-10-16 09:36:35,441 [INFO] RtosManager:555 - Registered RTOS mode: class=CMSIS, group=RTOS, mode=CMSIS_V1, owner=FREERTOS
2023-10-16 09:36:35,441 [INFO] RtosManager:555 - Registered RTOS mode: class=CMSIS, group=RTOS2, mode=CMSIS_V2, owner=FREERTOS
2023-10-16 09:36:35,441 [INFO] RtosManager:555 - Registered RTOS mode: class=RTOS, group=Core, mode=CMSIS_V1, owner=FREERTOS
2023-10-16 09:36:35,441 [INFO] RtosManager:555 - Registered RTOS mode: class=RTOS, group=Core, mode=CMSIS_V2, owner=FREERTOS
2023-10-16 09:36:35,441 [WARN] ModelIntegratedComponent:184 - Missing modes for component STMicroelectronics:FreeRTOS:0.0.1:STMicroelectronics:RTOS:FreeRTOS:Core:::10.2.0:
2023-10-16 09:36:35,445 [WARN] ModelIntegratedComponent:63 - No mode defined for component null
2023-10-16 09:36:35,445 [WARN] ModelIntegratedComponent:63 - No mode defined for component null
2023-10-16 09:36:35,446 [WARN] ModelIntegratedComponent:63 - No mode defined for component null
2023-10-16 09:36:35,446 [WARN] ModelIntegratedComponent:63 - No mode defined for component null
2023-10-16 09:36:35,446 [WARN] ModelIntegratedComponent:63 - No mode defined for component null
2023-10-16 09:36:35,446 [WARN] ModelIntegratedComponent:63 - No mode defined for component null
2023-10-16 09:36:35,446 [WARN] ModelIntegratedComponent:63 - No mode defined for component null
2023-10-16 09:36:35,446 [WARN] ModelIntegratedComponent:63 - No mode defined for component null
2023-10-16 09:36:35,446 [WARN] ModelIntegratedComponent:63 - No mode defined for component null
2023-10-16 09:36:35,446 [WARN] ModelIntegratedComponent:63 - No mode defined for component null
2023-10-16 09:36:35,446 [WARN] ModelIntegratedComponent:63 - No mode defined for component null
2023-10-16 09:36:35,446 [WARN] ModelIntegratedComponent:63 - No mode defined for component null
2023-10-16 09:36:35,446 [WARN] ModelIntegratedComponent:63 - No mode defined for component null
2023-10-16 09:36:35,446 [WARN] ModelIntegratedComponent:63 - No mode defined for component null
2023-10-16 09:36:35,446 [WARN] ModelIntegratedComponent:63 - No mode defined for component null
2023-10-16 09:36:35,446 [WARN] ModelIntegratedComponent:63 - No mode defined for component null
2023-10-16 09:36:35,446 [WARN] ModelIntegratedComponent:63 - No mode defined for component null
2023-10-16 09:36:35,446 [WARN] ModelIntegratedComponent:63 - No mode defined for component null
2023-10-16 09:36:35,446 [WARN] ModelIntegratedComponent:63 - No mode defined for component null
2023-10-16 09:36:35,446 [WARN] ModelIntegratedComponent:63 - No mode defined for component null
2023-10-16 09:36:35,446 [WARN] ModelIntegratedComponent:63 - No mode defined for component null
2023-10-16 09:36:35,446 [WARN] ModelIntegratedComponent:63 - No mode defined for component null
2023-10-16 09:36:35,446 [WARN] ModelIntegratedComponent:63 - No mode defined for component null
2023-10-16 09:36:35,446 [WARN] ModelIntegratedComponent:63 - No mode defined for component null
2023-10-16 09:36:35,446 [WARN] ModelIntegratedComponent:63 - No mode defined for component null
2023-10-16 09:36:35,446 [WARN] ModelIntegratedComponent:63 - No mode defined for component null
2023-10-16 09:36:35,446 [WARN] ModelIntegratedComponent:63 - No mode defined for component null
2023-10-16 09:36:35,446 [WARN] ModelIntegratedComponent:63 - No mode defined for component null
2023-10-16 09:36:35,446 [WARN] ModelIntegratedComponent:63 - No mode defined for component null
2023-10-16 09:36:35,446 [WARN] ModelIntegratedComponent:63 - No mode defined for component null
2023-10-16 09:36:35,446 [WARN] ModelIntegratedComponent:63 - No mode defined for component null
2023-10-16 09:36:35,446 [WARN] ModelIntegratedComponent:63 - No mode defined for component null
2023-10-16 09:36:35,446 [WARN] ModelIntegratedComponent:63 - No mode defined for component null
2023-10-16 09:36:35,452 [INFO] ThirdPartyModel:298 - Start build external matchings
2023-10-16 09:36:35,579 [INFO] ThirdPartyModel:316 - End build external matchings
2023-10-16 09:36:35,582 [INFO] ImportTextPane:194 - (OptionalMessage_ERROR) IP (ETH) : Invalid parameter (PHY_Name)
2023-10-16 09:36:35,582 [INFO] ImportTextPane:194 - (OptionalMessage_ERROR) IP (ETH) : Invalid parameter (PHY_Value)
2023-10-16 09:36:35,582 [INFO] ImportTextPane:194 - (OptionalMessage_ERROR) IP (ETH) : Invalid parameter (PhyAddress)
2023-10-16 09:36:35,583 [INFO] ImportTextPane:194 - (OptionalMessage_ERROR) IP (RCC) : Invalid parameter (ADC12outputFreq_Value)
2023-10-16 09:36:35,583 [INFO] ImportTextPane:194 - (OptionalMessage_ERROR) IP (RCC) : Invalid parameter (ADC34outputFreq_Value)
2023-10-16 09:36:35,583 [INFO] ImportTextPane:194 - (OptionalMessage_ERROR) IP (RCC) : Invalid parameter (FamilyName)
2023-10-16 09:36:35,583 [INFO] ImportTextPane:194 - (OptionalMessage_ERROR) IP (RCC) : Invalid parameter (I2C1Freq_Value)
2023-10-16 09:36:35,583 [INFO] ImportTextPane:194 - (OptionalMessage_ERROR) IP (RCC) : Invalid parameter (I2C2Freq_Value)
2023-10-16 09:36:35,583 [INFO] ImportTextPane:194 - (OptionalMessage_ERROR) IP (RCC) : Invalid parameter (I2C3Freq_Value)
2023-10-16 09:36:35,583 [INFO] ImportTextPane:194 - (OptionalMessage_ERROR) IP (RCC) : Parameter (MCO2PinFreq_Value) has invalid value (168000000)
2023-10-16 09:36:35,583 [INFO] ImportTextPane:194 - (OptionalMessage_ERROR) IP (RCC) : Invalid parameter (MCOFreq_Value)
2023-10-16 09:36:35,583 [INFO] ImportTextPane:194 - (OptionalMessage_ERROR) IP (RCC) : Invalid parameter (PLLMCOFreq_Value)
2023-10-16 09:36:35,583 [INFO] ImportTextPane:194 - (OptionalMessage_ERROR) IP (RCC) : Invalid parameter (PLLMUL)
2023-10-16 09:36:35,583 [INFO] ImportTextPane:194 - (OptionalMessage_ERROR) IP (RCC) : Invalid parameter (PRESCALERUSB)
2023-10-16 09:36:35,583 [INFO] ImportTextPane:194 - (OptionalMessage_ERROR) IP (RCC) : Parameter (RTCHSEDivFreq_Value) has invalid value (4000000)
2023-10-16 09:36:35,583 [INFO] ImportTextPane:194 - (OptionalMessage_ERROR) IP (RCC) : Invalid parameter (SYSCLKSourceVirtual)
2023-10-16 09:36:35,583 [INFO] ImportTextPane:194 - (OptionalMessage_ERROR) IP (RCC) : Invalid parameter (TIM15Freq_Value)
2023-10-16 09:36:35,583 [INFO] ImportTextPane:194 - (OptionalMessage_ERROR) IP (RCC) : Invalid parameter (TIM16Freq_Value)
2023-10-16 09:36:35,583 [INFO] ImportTextPane:194 - (OptionalMessage_ERROR) IP (RCC) : Invalid parameter (TIM17Freq_Value)
2023-10-16 09:36:35,583 [INFO] ImportTextPane:194 - (OptionalMessage_ERROR) IP (RCC) : Invalid parameter (TIM1Freq_Value)
2023-10-16 09:36:35,583 [INFO] ImportTextPane:194 - (OptionalMessage_ERROR) IP (RCC) : Invalid parameter (TIM20Freq_Value)
2023-10-16 09:36:35,583 [INFO] ImportTextPane:194 - (OptionalMessage_ERROR) IP (RCC) : Invalid parameter (TIM2Freq_Value)
2023-10-16 09:36:35,583 [INFO] ImportTextPane:194 - (OptionalMessage_ERROR) IP (RCC) : Invalid parameter (TIM3Freq_Value)
2023-10-16 09:36:35,583 [INFO] ImportTextPane:194 - (OptionalMessage_ERROR) IP (RCC) : Invalid parameter (TIM8Freq_Value)
2023-10-16 09:36:35,583 [INFO] ImportTextPane:194 - (OptionalMessage_ERROR) IP (RCC) : Invalid parameter (UART4Freq_Value)
2023-10-16 09:36:35,583 [INFO] ImportTextPane:194 - (OptionalMessage_ERROR) IP (RCC) : Invalid parameter (UART5Freq_Value)
2023-10-16 09:36:35,583 [INFO] ImportTextPane:194 - (OptionalMessage_ERROR) IP (RCC) : Invalid parameter (USART1Freq_Value)
2023-10-16 09:36:35,583 [INFO] ImportTextPane:194 - (OptionalMessage_ERROR) IP (RCC) : Invalid parameter (USART2Freq_Value)
2023-10-16 09:36:35,583 [INFO] ImportTextPane:194 - (OptionalMessage_ERROR) IP (RCC) : Invalid parameter (USART3Freq_Value)
2023-10-16 09:36:35,583 [INFO] ImportTextPane:194 - (OptionalMessage_ERROR) IP (RCC) : Invalid parameter (USBFreq_Value)
2023-10-16 09:36:35,583 [INFO] ImportTextPane:194 - (OptionalMessage_ERROR) IP (RCC) : Invalid parameter (VCOOutput2Freq_Value)
2023-10-16 09:36:35,780 [INFO] UtilMem:75 - End LoadConfig() Used Memory: 654930848 Bytes (917504000)
2023-10-16 09:36:35,807 [WARN] ThirdParty:833 - waiting for thirdparty lock release [change project]
2023-10-16 09:36:35,807 [INFO] ThirdParty:835 - entering critical section [change project]
2023-10-16 09:36:35,807 [INFO] ThirdParty:1030 - CMSIS Pack Vendor :STMicroelectronics X-CUBE-ISPU 1.1.0
2023-10-16 09:36:35,807 [INFO] ThirdParty:1030 - CMSIS Pack Vendor :STMicroelectronics X-CUBE-GNSS1 6.0.0
2023-10-16 09:36:35,807 [INFO] ThirdParty:1030 - CMSIS Pack Vendor :STMicroelectronics USB_HOST 2.0.0
2023-10-16 09:36:35,807 [INFO] ThirdParty:1030 - CMSIS Pack Vendor :STMicroelectronics X-CUBE-AZRTOS-F4 1.1.0
2023-10-16 09:36:35,807 [INFO] ThirdParty:1030 - CMSIS Pack Vendor :STMicroelectronics LIBJPEG 8.0.0
2023-10-16 09:36:35,807 [INFO] ThirdParty:1030 - CMSIS Pack Vendor :wolfSSL I-CUBE-wolfSSL 5.6.3
2023-10-16 09:36:35,807 [INFO] ThirdParty:1030 - CMSIS Pack Vendor :STMicroelectronics X-CUBE-SMBUS 2.1.0
2023-10-16 09:36:35,807 [INFO] ThirdParty:1030 - CMSIS Pack Vendor :STMicroelectronics USB_DEVICE 3.0.0
2023-10-16 09:36:35,807 [INFO] ThirdParty:1030 - CMSIS Pack Vendor :STMicroelectronics X-CUBE-AZRTOS-WB 2.0.0
2023-10-16 09:36:35,807 [INFO] ThirdParty:1030 - CMSIS Pack Vendor :STMicroelectronics X-CUBE-AZRTOS-F7 1.1.0
2023-10-16 09:36:35,807 [INFO] ThirdParty:1030 - CMSIS Pack Vendor :STMicroelectronics X-CUBE-AZRTOS-L5 2.0.0
2023-10-16 09:36:35,807 [INFO] ThirdParty:1030 - CMSIS Pack Vendor :STMicroelectronics USB_DEVICE 2.0.0
2023-10-16 09:36:35,807 [INFO] ThirdParty:1030 - CMSIS Pack Vendor :STMicroelectronics X-CUBE-MEMS1 9.6.0
2023-10-16 09:36:35,807 [INFO] ThirdParty:1030 - CMSIS Pack Vendor :ITTIA_DB I-CUBE-ITTIADB 8.8.0
2023-10-16 09:36:35,807 [INFO] ThirdParty:1030 - CMSIS Pack Vendor :STMicroelectronics FP-SNS-MOTENV1 4.3.2
2023-10-16 09:36:35,807 [INFO] ThirdParty:1030 - CMSIS Pack Vendor :STMicroelectronics X-CUBE-ALGOBUILD 1.3.0
2023-10-16 09:36:35,807 [INFO] ThirdParty:1030 - CMSIS Pack Vendor :STMicroelectronics FreeRTOS 0.0.1
2023-10-16 09:36:35,807 [INFO] ThirdParty:1030 - CMSIS Pack Vendor :STMicroelectronics X-CUBE-AZRTOS-G0 1.1.0
2023-10-16 09:36:35,807 [INFO] ThirdParty:1030 - CMSIS Pack Vendor :STMicroelectronics X-CUBE-BLEMGR 2.0.0
2023-10-16 09:36:35,807 [INFO] ThirdParty:1030 - CMSIS Pack Vendor :STMicroelectronics X-CUBE-NFC4 3.0.0
2023-10-16 09:36:35,807 [INFO] ThirdParty:1030 - CMSIS Pack Vendor :STMicroelectronics X-CUBE-SUBG2 5.0.0
2023-10-16 09:36:35,807 [INFO] ThirdParty:1030 - CMSIS Pack Vendor :STMicroelectronics STM32_WPAN 1.0.0
2023-10-16 09:36:35,807 [INFO] ThirdParty:1030 - CMSIS Pack Vendor :STMicroelectronics lwIP 2.0.3
2023-10-16 09:36:35,807 [INFO] ThirdParty:1030 - CMSIS Pack Vendor :STMicroelectronics FP-SNS-FLIGHT1 5.0.2
2023-10-16 09:36:35,807 [INFO] ThirdParty:1030 - CMSIS Pack Vendor :STMicroelectronics USB_HOST 1.0.0
2023-10-16 09:36:35,807 [INFO] ThirdParty:1030 - CMSIS Pack Vendor :STMicroelectronics X-CUBE-TOF1 3.3.1
2023-10-16 09:36:35,807 [INFO] ThirdParty:1030 - CMSIS Pack Vendor :STMicroelectronics X-CUBE-AZRTOS-G4 2.0.0
2023-10-16 09:36:35,807 [INFO] ThirdParty:1030 - CMSIS Pack Vendor :STMicroelectronics PDM2PCM 3.1.0
2023-10-16 09:36:35,807 [INFO] ThirdParty:1030 - CMSIS Pack Vendor :STMicroelectronics X-CUBE-AZRTOS-H7 3.1.0
2023-10-16 09:36:35,807 [INFO] ThirdParty:1030 - CMSIS Pack Vendor :Infineon AIROC-Wi-Fi-Bluetooth-STM32 1.5.1
2023-10-16 09:36:35,807 [INFO] ThirdParty:1030 - CMSIS Pack Vendor :STMicroelectronics PDM2PCM 3.3.0
2023-10-16 09:36:35,807 [INFO] ThirdParty:1030 - CMSIS Pack Vendor :STMicroelectronics X-CUBE-DISPLAY 3.0.0
2023-10-16 09:36:35,808 [INFO] ThirdParty:1030 - CMSIS Pack Vendor :STMicroelectronics X-CUBE-BLE1 7.0.0
2023-10-16 09:36:35,808 [INFO] ThirdParty:1030 - CMSIS Pack Vendor :STMicroelectronics FP-ATR-SIGFOX1 3.2.0
2023-10-16 09:36:35,808 [INFO] ThirdParty:1030 - CMSIS Pack Vendor :STMicroelectronics HAL Drivers 0.0.0
2023-10-16 09:36:35,808 [INFO] ThirdParty:1030 - CMSIS Pack Vendor :STMicroelectronics MBEDTLS 2.16.2
2023-10-16 09:36:35,808 [INFO] ThirdParty:1030 - CMSIS Pack Vendor :emotas I-CUBE-CANOPEN 1.3.0
2023-10-16 09:36:35,808 [INFO] ThirdParty:1030 - CMSIS Pack Vendor :STMicroelectronics X-CUBE-FREERTOS 1.1.0
2023-10-16 09:36:35,808 [INFO] ThirdParty:1030 - CMSIS Pack Vendor :STMicroelectronics X-CUBE-NFC7 1.0.1
2023-10-16 09:36:35,808 [INFO] ThirdParty:1030 - CMSIS Pack Vendor :STMicroelectronics MBEDTLS 2.14.1
2023-10-16 09:36:35,808 [INFO] ThirdParty:1030 - CMSIS Pack Vendor :STMicroelectronics X-CUBE-TOUCHGFX 4.22.1
2023-10-16 09:36:35,808 [INFO] ThirdParty:1030 - CMSIS Pack Vendor :STMicroelectronics X-CUBE-NFC6 3.0.0
2023-10-16 09:36:35,808 [INFO] ThirdParty:1030 - CMSIS Pack Vendor :STMicroelectronics X-CUBE-EEPRMA1 4.1.0
2023-10-16 09:36:35,808 [INFO] ThirdParty:1030 - CMSIS Pack Vendor :portGmbH I-Cube-SoM-uGOAL 1.1.0
2023-10-16 09:36:35,808 [INFO] ThirdParty:1030 - CMSIS Pack Vendor :STMicroelectronics X-CUBE-ALS 1.0.1
2023-10-16 09:36:35,808 [INFO] ThirdParty:1030 - CMSIS Pack Vendor :STMicroelectronics ThreadX 1.0.0
2023-10-16 09:36:35,808 [INFO] ThirdParty:1030 - CMSIS Pack Vendor :STMicroelectronics FP-SNS-SMARTAG2 1.2.0
2023-10-16 09:36:35,808 [INFO] ThirdParty:1030 - CMSIS Pack Vendor :STMicroelectronics X-CUBE-AZRTOS-WL 2.0.0
2023-10-16 09:36:35,808 [INFO] ThirdParty:1030 - CMSIS Pack Vendor :SEGGER I-CUBE-embOS 1.3.1
2023-10-16 09:36:35,808 [INFO] ThirdParty:1030 - CMSIS Pack Vendor :STMicroelectronics USB_DEVICE 1.0.0
2023-10-16 09:36:35,808 [INFO] ThirdParty:1030 - CMSIS Pack Vendor :STMicroelectronics X-CUBE-AI 8.1.0
2023-10-16 09:36:35,808 [INFO] ThirdParty:1030 - CMSIS Pack Vendor :STMicroelectronics X-CUBE-AZRTOS-L4 2.0.0
2023-10-16 09:36:35,808 [INFO] ThirdParty:1030 - CMSIS Pack Vendor :STMicroelectronics ThreadX 0.0.2
2023-10-16 09:36:35,808 [INFO] ThirdParty:1030 - CMSIS Pack Vendor :WES I-CUBE-Cesium 1.3.0
2023-10-16 09:36:35,808 [INFO] ThirdParty:1030 - CMSIS Pack Vendor :STMicroelectronics FP-ATR-ASTRA1 2.0.0
2023-10-16 09:36:35,808 [INFO] ThirdParty:1030 - CMSIS Pack Vendor :STMicroelectronics lwIP 2.1.2
2023-10-16 09:36:35,808 [INFO] ThirdParty:1030 - CMSIS Pack Vendor :STMicroelectronics X-CUBE-SFXS2LP1 4.0.0
2023-10-16 09:36:35,808 [INFO] ThirdParty:1030 - CMSIS Pack Vendor :STMicroelectronics X-CUBE-BLE2 3.3.0
2023-10-16 09:36:35,808 [INFO] ThirdParty:1030 - CMSIS Pack Vendor :STMicroelectronics PDM2PCM 3.2.0
2023-10-16 09:36:35,808 [INFO] ThirdParty:841 - exiting critical section [change project]
2023-10-16 09:36:35,931 [INFO] PinOutPanel:1499 - setPackage(No Configuration,No Configuration)
2023-10-16 09:36:35,931 [INFO] PinOutPanel:1499 - setPackage(STM32F429ZITx,LQFP144)
2023-10-16 09:36:36,075 [INFO] UtilMem:75 - Before build in PCC Used Memory: 687193944 Bytes (917504000)
2023-10-16 09:36:36,155 [INFO] UtilMem:75 - After build in PCC Used Memory: 733863784 Bytes (917504000)
2023-10-16 09:36:36,167 [INFO] IPUIPlugin:80 - create IPUIPlugin
2023-10-16 09:36:36,167 [INFO] IPUIPlugin:80 - create IPUIPlugin
2023-10-16 09:36:36,167 [INFO] IPUIPlugin:80 - create IPUIPlugin
2023-10-16 09:36:36,167 [INFO] IPUIPlugin:80 - create IPUIPlugin
2023-10-16 09:36:36,167 [INFO] IPUIPlugin:80 - create IPUIPlugin
2023-10-16 09:36:36,167 [INFO] IPUIPlugin:80 - create IPUIPlugin
2023-10-16 09:36:36,167 [INFO] IPUIPlugin:80 - create IPUIPlugin
2023-10-16 09:36:36,167 [INFO] IPUIPlugin:80 - create IPUIPlugin
2023-10-16 09:36:36,167 [INFO] IPUIPlugin:80 - create IPUIPlugin
2023-10-16 09:36:36,167 [INFO] IPUIPlugin:80 - create IPUIPlugin
2023-10-16 09:36:36,167 [INFO] IPUIPlugin:80 - create IPUIPlugin
2023-10-16 09:36:36,168 [INFO] IPUIPlugin:80 - create IPUIPlugin
2023-10-16 09:36:36,168 [INFO] IPUIPlugin:80 - create IPUIPlugin
2023-10-16 09:36:36,168 [INFO] IPUIPlugin:80 - create IPUIPlugin
2023-10-16 09:36:36,168 [INFO] IPUIPlugin:80 - create IPUIPlugin
2023-10-16 09:36:36,168 [INFO] IPUIPlugin:80 - create IPUIPlugin
2023-10-16 09:36:36,168 [INFO] IPUIPlugin:80 - create IPUIPlugin
2023-10-16 09:36:36,168 [INFO] IPUIPlugin:80 - create IPUIPlugin
2023-10-16 09:36:36,168 [INFO] IPUIPlugin:80 - create IPUIPlugin
2023-10-16 09:36:36,168 [INFO] IPUIPlugin:80 - create IPUIPlugin
2023-10-16 09:36:36,168 [INFO] IPUIPlugin:80 - create IPUIPlugin
2023-10-16 09:36:36,168 [INFO] IPUIPlugin:80 - create IPUIPlugin
2023-10-16 09:36:36,168 [INFO] IPUIPlugin:80 - create IPUIPlugin
2023-10-16 09:36:36,168 [INFO] IPUIPlugin:80 - create IPUIPlugin
2023-10-16 09:36:36,168 [INFO] IPUIPlugin:80 - create IPUIPlugin
2023-10-16 09:36:36,168 [INFO] IPUIPlugin:80 - create IPUIPlugin
2023-10-16 09:36:36,168 [INFO] IPUIPlugin:80 - create IPUIPlugin
2023-10-16 09:36:36,168 [INFO] IPUIPlugin:80 - create IPUIPlugin
2023-10-16 09:36:36,169 [INFO] IPUIPlugin:80 - create IPUIPlugin
2023-10-16 09:36:36,169 [INFO] IPUIPlugin:80 - create IPUIPlugin
2023-10-16 09:36:36,169 [INFO] IPUIPlugin:80 - create IPUIPlugin
2023-10-16 09:36:36,169 [INFO] IPUIPlugin:80 - create IPUIPlugin
2023-10-16 09:36:36,169 [INFO] IPUIPlugin:80 - create IPUIPlugin
2023-10-16 09:36:36,169 [INFO] IPUIPlugin:80 - create IPUIPlugin
2023-10-16 09:36:36,169 [INFO] IPUIPlugin:80 - create IPUIPlugin
2023-10-16 09:36:36,169 [INFO] IPUIPlugin:80 - create IPUIPlugin
2023-10-16 09:36:36,169 [INFO] IPUIPlugin:80 - create IPUIPlugin
2023-10-16 09:36:36,169 [INFO] IPUIPlugin:80 - create IPUIPlugin
2023-10-16 09:36:36,170 [INFO] IPUIPlugin:80 - create IPUIPlugin
2023-10-16 09:36:36,170 [INFO] IPUIPlugin:80 - create IPUIPlugin
2023-10-16 09:36:36,170 [INFO] IPUIPlugin:80 - create IPUIPlugin
2023-10-16 09:36:36,170 [INFO] IPUIPlugin:80 - create IPUIPlugin
2023-10-16 09:36:36,170 [INFO] IPUIPlugin:80 - create IPUIPlugin
2023-10-16 09:36:36,170 [INFO] IPUIPlugin:80 - create IPUIPlugin
2023-10-16 09:36:36,170 [INFO] IPUIPlugin:80 - create IPUIPlugin
2023-10-16 09:36:36,170 [INFO] IPUIPlugin:80 - create IPUIPlugin
2023-10-16 09:36:36,170 [INFO] IPUIPlugin:80 - create IPUIPlugin
2023-10-16 09:36:36,170 [INFO] IPUIPlugin:80 - create IPUIPlugin
2023-10-16 09:36:36,171 [INFO] IPUIPlugin:80 - create IPUIPlugin
2023-10-16 09:36:36,171 [INFO] IPUIPlugin:80 - create IPUIPlugin
2023-10-16 09:36:36,171 [INFO] IPUIPlugin:80 - create IPUIPlugin
2023-10-16 09:36:36,171 [INFO] IPUIPlugin:80 - create IPUIPlugin
2023-10-16 09:36:36,171 [INFO] IPUIPlugin:80 - create IPUIPlugin
2023-10-16 09:36:36,171 [INFO] IPUIPlugin:80 - create IPUIPlugin
2023-10-16 09:36:36,171 [INFO] IPUIPlugin:80 - create IPUIPlugin
2023-10-16 09:36:36,171 [INFO] IPUIPlugin:80 - create IPUIPlugin
2023-10-16 09:36:36,172 [INFO] IPUIPlugin:80 - create IPUIPlugin
2023-10-16 09:36:36,172 [INFO] IPUIPlugin:80 - create IPUIPlugin
2023-10-16 09:36:36,172 [INFO] IPUIPlugin:80 - create IPUIPlugin
2023-10-16 09:36:36,172 [INFO] IPUIPlugin:80 - create IPUIPlugin
2023-10-16 09:36:36,172 [INFO] IPUIPlugin:80 - create IPUIPlugin
2023-10-16 09:36:36,172 [INFO] IPUIPlugin:80 - create IPUIPlugin
2023-10-16 09:36:36,173 [INFO] IPUIPlugin:80 - create IPUIPlugin
2023-10-16 09:36:36,173 [INFO] IPUIPlugin:80 - create IPUIPlugin
2023-10-16 09:36:36,173 [INFO] IPUIPlugin:80 - create IPUIPlugin
2023-10-16 09:36:36,173 [INFO] IPUIPlugin:80 - create IPUIPlugin
2023-10-16 09:36:36,175 [INFO] ApiDbMcu:507 - Load IP Config File for PDM2PCM
2023-10-16 09:36:36,204 [INFO] CADModel:165 - CPN selected for project levelSTM32F429ZIT6
2023-10-16 09:36:36,204 [INFO] CADModel:114 - Register for checkConnection events
2023-10-16 09:36:36,260 [INFO] OpenFileManager:328 - Restore cursor
2023-10-16 09:40:00,265 [INFO] UtilMem:75 - End SaveConfig() Used Memory: 656507960 Bytes (917504000)
2023-10-16 09:40:01,023 [INFO] UtilMem:75 - End SaveConfig() Used Memory: 684795328 Bytes (917504000)
2023-10-16 09:40:02,549 [INFO] UtilMem:75 - End SaveConfig() Used Memory: 730406336 Bytes (917504000)
2023-10-16 09:40:02,964 [INFO] BlockDiagram:2759 - set Specific Code input for plugin: TIM1_8
2023-10-16 09:40:02,964 [INFO] BlockDiagram:2759 - set Specific Code input for plugin: TIM1_8
2023-10-16 09:40:02,964 [INFO] BlockDiagram:2759 - set Specific Code input for plugin: TIM1_8
2023-10-16 09:40:02,964 [INFO] BlockDiagram:2759 - set Specific Code input for plugin: SYS
2023-10-16 09:40:02,964 [INFO] BlockDiagram:2759 - set Specific Code input for plugin: RCC
2023-10-16 09:40:02,964 [INFO] BlockDiagram:2759 - set Specific Code input for plugin: I2C
2023-10-16 09:40:02,964 [INFO] BlockDiagram:2759 - set Specific Code input for plugin: RTC
2023-10-16 09:40:02,964 [INFO] BlockDiagram:2759 - set Specific Code input for plugin: USB_OTG_FS
2023-10-16 09:40:02,964 [INFO] BlockDiagram:2759 - set Specific Code input for plugin: NVIC
2023-10-16 09:40:02,964 [INFO] BlockDiagram:2759 - set Specific Code input for plugin: USART
2023-10-16 09:40:02,964 [INFO] BlockDiagram:2759 - set Specific Code input for plugin: USART
2023-10-16 09:40:02,964 [INFO] BlockDiagram:2759 - set Specific Code input for plugin: TIM1_8
2023-10-16 09:40:02,964 [INFO] BlockDiagram:2759 - set Specific Code input for plugin: TIM1_8
2023-10-16 09:40:02,965 [INFO] BlockDiagram:2759 - set Specific Code input for plugin: GPIO
2023-10-16 09:40:02,965 [INFO] BlockDiagram:2759 - set Specific Code input for plugin: ETH
2023-10-16 09:40:02,966 [INFO] CodeGenerator:793 - code generatio: config db path: C:\ST\STM32CubeIDE_1.12.0\STM32CubeIDE\plugins\com.st.stm32cube.common.mx_6.8.0.202302231600\\db\
2023-10-16 09:40:03,201 [INFO] CodeEngine:255 - oldGeneratedFile, C:\ken\source\STM32F429ZI\08.RTC\MXTmpFiles\license.tmp_save
2023-10-16 09:40:03,490 [INFO] CodeEngine:279 - Generated code: C:\ken\source\STM32F429ZI\08.RTC\MXTmpFiles\license.tmp
2023-10-16 09:40:03,561 [INFO] CodeEngine:255 - oldGeneratedFile, C:\ken\source\STM32F429ZI\08.RTC\MXTmpFiles\gpio.tmp_save
2023-10-16 09:40:03,658 [INFO] CodeEngine:279 - Generated code: C:\ken\source\STM32F429ZI\08.RTC\MXTmpFiles\gpio.tmp
2023-10-16 09:40:04,174 [WARN] IPConfigManager:2937 - Warning: the RefConfig PWREx_EnableUSBVoltageDetector is not available in your config.xml file
2023-10-16 09:40:04,202 [INFO] CodeEngine:255 - oldGeneratedFile, C:\ken\source\STM32F429ZI\08.RTC\Core\Src\stm32f4xx_it.c_save
2023-10-16 09:40:04,312 [INFO] CodeEngine:279 - Generated code: C:\ken\source\STM32F429ZI\08.RTC\Core\Src\stm32f4xx_it.c
2023-10-16 09:40:04,316 [INFO] CodeEngine:255 - oldGeneratedFile, C:\ken\source\STM32F429ZI\08.RTC\Core\Inc\stm32f4xx_it.h_save
2023-10-16 09:40:04,363 [INFO] CodeEngine:279 - Generated code: C:\ken\source\STM32F429ZI\08.RTC\Core\Inc\stm32f4xx_it.h
2023-10-16 09:40:04,369 [INFO] CodeEngine:255 - oldGeneratedFile, C:\ken\source\STM32F429ZI\08.RTC\Core\Src\stm32f4xx_hal_msp.c_save
2023-10-16 09:40:04,501 [INFO] CodeEngine:279 - Generated code: C:\ken\source\STM32F429ZI\08.RTC\Core\Src\stm32f4xx_hal_msp.c
2023-10-16 09:40:04,504 [INFO] CodeEngine:255 - oldGeneratedFile, C:\ken\source\STM32F429ZI\08.RTC\MXTmpFiles\system.tmp_save
2023-10-16 09:40:04,540 [INFO] CodeEngine:279 - Generated code: C:\ken\source\STM32F429ZI\08.RTC\MXTmpFiles\system.tmp
2023-10-16 09:40:04,546 [INFO] CodeEngine:311 - oldGeneratedFile, C:\ken\source\STM32F429ZI\08.RTC\Core\Inc\stm32f4xx_hal_conf.h_save
2023-10-16 09:40:04,591 [INFO] CodeEngine:335 - Generated code: C:\ken\source\STM32F429ZI\08.RTC\Core\Inc\stm32f4xx_hal_conf.h
2023-10-16 09:40:04,610 [WARN] IPConfigManager:3431 - IP not found : TIM
2023-10-16 09:40:04,610 [WARN] IPConfigManager:3431 - IP not found : USB_OTG
2023-10-16 09:40:04,611 [WARN] CodeGenerator:3754 - IP not found : null
2023-10-16 09:40:04,611 [WARN] CodeGenerator:3754 - IP not found : null
2023-10-16 09:40:04,615 [INFO] CodeEngine:255 - oldGeneratedFile, C:\ken\source\STM32F429ZI\08.RTC\Core\Inc\main.h_save
2023-10-16 09:40:04,668 [INFO] CodeEngine:279 - Generated code: C:\ken\source\STM32F429ZI\08.RTC\Core\Inc\main.h
2023-10-16 09:40:04,672 [INFO] CodeEngine:255 - oldGeneratedFile, C:\ken\source\STM32F429ZI\08.RTC\Core\Src\main.c_save
2023-10-16 09:40:04,801 [INFO] CodeEngine:279 - Generated code: C:\ken\source\STM32F429ZI\08.RTC\Core\Src\main.c
2023-10-16 09:40:05,277 [INFO] ProjectBuilder:2996 - Time for Copy HAL[1] : 97mS.
2023-10-16 09:40:05,287 [INFO] ProjectBuilder:4304 - Project Generator version: 3.19.2
2023-10-16 09:40:05,536 [INFO] ConfigFileManager:1483 - The Die is : DIE419
2023-10-16 09:40:05,540 [INFO] ApiDbMcu:507 - Load IP Config File for FATFS
2023-10-16 09:40:05,543 [INFO] ApiDbMcu:507 - Load IP Config File for FREERTOS
2023-10-16 09:40:05,544 [INFO] ApiDbMcu:507 - Load IP Config File for LIBJPEG
2023-10-16 09:40:05,548 [INFO] ApiDbMcu:507 - Load IP Config File for LWIP
2023-10-16 09:40:05,551 [INFO] ApiDbMcu:507 - Load IP Config File for MBEDTLS
2023-10-16 09:40:05,555 [INFO] ApiDbMcu:507 - Load IP Config File for USB_DEVICE
2023-10-16 09:40:05,558 [INFO] ApiDbMcu:507 - Load IP Config File for USB_HOST
